[INFO_|11/19 13:42:14|OSTools.printMemoryUsage:444] Memory-K: max=3712000, total=251392, free=197402, used=53990
[ERROR|11/19 13:42:14|EventSelector.<init>:198] *** Internal error: EX2959-1 (contact service provider)
[INFO_|11/19 13:42:14|StartupInit.addTableFactories:152] Loaded customed Rule functions/identifiers
[INFO_|11/19 13:42:14|BasicPrivateLabelLoader.printInfo:372] Not a 'Track/Service' servlet
[INFO_|11/19 13:42:14|DCServerFactory._loadDCServerXML:643] DCServerConfig XML file not loaded: C:\Users\NBNguyen\Projects\apache-tomcat-8.0.47\webapps\events\WEB-INF\dcservers.xml
[INFO_|11/19 13:42:14|RTConfigContextListener.contextInitialized:211] java.awt.headless=false
[INFO_|11/19 13:42:55|RTConfigContextListener.contextDestroyed:233] ... Servlet Context destroyed: DeviceEvents
[INFO_|11/19 13:42:55|RTConfigContextListener.contextDestroyed:234] -----------------------------------------------
[INFO_|11/19 13:43:17|OSTools.printMemoryUsage:444] Memory-K: max=3712000, total=342016, free=163722, used=178294
[ERROR|11/19 13:43:17|EventSelector.<init>:198] *** Internal error: EX2959-1 (contact service provider)
[INFO_|11/19 13:43:17|StartupInit.addTableFactories:152] Loaded customed Rule functions/identifiers
[INFO_|11/19 13:43:17|BasicPrivateLabelLoader.printInfo:372] Not a 'Track/Service' servlet
[INFO_|11/19 13:43:18|DCServerFactory._loadDCServerXML:643] DCServerConfig XML file not loaded: C:\Users\NBNguyen\Projects\apache-tomcat-8.0.47\webapps\events\WEB-INF\dcservers.xml
[INFO_|11/19 13:43:18|RTConfigContextListener.contextInitialized:211] java.awt.headless=false
[INFO_|11/19 13:49:16|RTConfigContextListener.contextDestroyed:233] ... Servlet Context destroyed: DeviceEvents
[INFO_|11/19 13:49:16|RTConfigContextListener.contextDestroyed:234] -----------------------------------------------
[INFO_|11/19 13:50:24|OSTools.printMemoryUsage:444] Memory-K: max=3712000, total=663040, free=405509, used=257531
[ERROR|11/19 13:50:24|EventSelector.<init>:198] *** Internal error: EX2959-1 (contact service provider)
[INFO_|11/19 13:50:24|StartupInit.addTableFactories:152] Loaded customed Rule functions/identifiers
[INFO_|11/19 13:50:24|BasicPrivateLabelLoader.printInfo:372] Not a 'Track/Service' servlet
[INFO_|11/19 13:50:24|DCServerFactory._loadDCServerXML:643] DCServerConfig XML file not loaded: C:\Users\NBNguyen\Projects\apache-tomcat-8.0.47\webapps\events\WEB-INF\dcservers.xml
[INFO_|11/19 13:50:24|RTConfigContextListener.contextInitialized:211] java.awt.headless=false
[INFO_|11/19 13:52:22|RTConfigContextListener.contextDestroyed:233] ... Servlet Context destroyed: DeviceEvents
[INFO_|11/19 13:52:22|RTConfigContextListener.contextDestroyed:234] -----------------------------------------------
[INFO_|11/19 13:52:35|OSTools.printMemoryUsage:444] Memory-K: max=3712000, total=865280, free=731103, used=134177
[ERROR|11/19 13:52:35|EventSelector.<init>:198] *** Internal error: EX2959-1 (contact service provider)
[INFO_|11/19 13:52:35|StartupInit.addTableFactories:152] Loaded customed Rule functions/identifiers
[INFO_|11/19 13:52:35|BasicPrivateLabelLoader.printInfo:372] Not a 'Track/Service' servlet
[INFO_|11/19 13:52:35|DCServerFactory._loadDCServerXML:643] DCServerConfig XML file not loaded: C:\Users\NBNguyen\Projects\apache-tomcat-8.0.47\webapps\events\WEB-INF\dcservers.xml
[INFO_|11/19 13:52:35|RTConfigContextListener.contextInitialized:211] java.awt.headless=false
[INFO_|11/19 13:54:18|RTConfigContextListener.contextDestroyed:233] ... Servlet Context destroyed: DeviceEvents
[INFO_|11/19 13:54:18|RTConfigContextListener.contextDestroyed:234] -----------------------------------------------
[INFO_|11/19 13:55:06|OSTools.printMemoryUsage:444] Memory-K: max=3712000, total=908288, free=621660, used=286628
[ERROR|11/19 13:55:06|EventSelector.<init>:198] *** Internal error: EX2959-1 (contact service provider)
[INFO_|11/19 13:55:06|StartupInit.addTableFactories:152] Loaded customed Rule functions/identifiers
[INFO_|11/19 13:55:06|BasicPrivateLabelLoader.printInfo:372] Not a 'Track/Service' servlet
[INFO_|11/19 13:55:06|DCServerFactory._loadDCServerXML:643] DCServerConfig XML file not loaded: C:\Users\NBNguyen\Projects\apache-tomcat-8.0.47\webapps\events\WEB-INF\dcservers.xml
[INFO_|11/19 13:55:06|RTConfigContextListener.contextInitialized:211] java.awt.headless=false
[INFO_|11/19 14:54:03|RTConfigContextListener.contextDestroyed:233] ... Servlet Context destroyed: DeviceEvents
[INFO_|11/19 14:54:03|RTConfigContextListener.contextDestroyed:234] -----------------------------------------------
[INFO_|11/26 16:11:46|OSTools.printMemoryUsage:444] Memory-K: max=3712000, total=251392, free=197999, used=53393
[ERROR|11/26 16:11:46|EventSelector.<init>:198] *** Internal error: EX2959-1 (contact service provider)
[INFO_|11/26 16:11:46|StartupInit.addTableFactories:152] Loaded customed Rule functions/identifiers
[INFO_|11/26 16:11:46|BasicPrivateLabelLoader.printInfo:372] Not a 'Track/Service' servlet
[INFO_|11/26 16:11:46|DCServerFactory._loadDCServerXML:643] DCServerConfig XML file not loaded: C:\Users\NBNguyen\Projects\apache-tomcat-8.0.47\webapps\events\WEB-INF\dcservers.xml
[INFO_|11/26 16:11:46|RTConfigContextListener.contextInitialized:211] java.awt.headless=false
[INFO_|11/26 16:31:55|OSTools.printMemoryUsage:444] Memory-K: max=3712000, total=251392, free=198293, used=53099
[ERROR|11/26 16:31:55|EventSelector.<init>:198] *** Internal error: EX2959-1 (contact service provider)
[INFO_|11/26 16:31:55|StartupInit.addTableFactories:152] Loaded customed Rule functions/identifiers
[INFO_|11/26 16:31:55|BasicPrivateLabelLoader.printInfo:372] Not a 'Track/Service' servlet
[INFO_|11/26 16:31:55|DCServerFactory._loadDCServerXML:643] DCServerConfig XML file not loaded: C:\Users\NBNguyen\Projects\apache-tomcat-8.0.47\webapps\events\WEB-INF\dcservers.xml
[INFO_|11/26 16:31:55|RTConfigContextListener.contextInitialized:211] java.awt.headless=false
[INFO_|11/26 16:50:48|RTConfigContextListener.contextDestroyed:233] ... Servlet Context destroyed: DeviceEvents
[INFO_|11/26 16:50:48|RTConfigContextListener.contextDestroyed:234] -----------------------------------------------
