[INFO_|11/19 13:42:14|OSTools.printMemoryUsage:444] Memory-K: max=3712000, total=209408, free=132033, used=77375
[ERROR|11/19 13:42:15|EventSelector.<init>:198] *** Internal error: EX2959-1 (contact service provider)
[INFO_|11/19 13:42:15|StartupInit.addTableFactories:152] Loaded customed Rule functions/identifiers
[INFO_|11/19 13:42:15|BasicPrivateLabelLoader.printInfo:372] Not a 'Track/Service' servlet
[INFO_|11/19 13:42:15|DCServerFactory._startupInit:1329] Loading only DCServer name: w-gc101
[WARN_|11/19 13:42:15|DCServerFactory._loadDCServerXML:636] DCServerConfig XML file not found: dcserver_w-gc101.xml
[INFO_|11/19 13:42:15|DCServerFactory._loadDCServerXML:643] DCServerConfig XML file not loaded: C:\Users\NBNguyen\Projects\apache-tomcat-8.0.47\webapps\gc101\WEB-INF\dcservers.xml
[INFO_|11/19 13:42:15|RTConfigContextListener.contextInitialized:211] java.awt.headless=false
[INFO_|11/19 13:42:56|RTConfigContextListener.contextDestroyed:233] ... Servlet Context destroyed: dcs:w-gc101
[INFO_|11/19 13:42:56|RTConfigContextListener.contextDestroyed:234] -----------------------------------------------
[INFO_|11/19 13:43:18|OSTools.printMemoryUsage:444] Memory-K: max=3712000, total=397824, free=284873, used=112951
[ERROR|11/19 13:43:18|EventSelector.<init>:198] *** Internal error: EX2959-1 (contact service provider)
[INFO_|11/19 13:43:18|StartupInit.addTableFactories:152] Loaded customed Rule functions/identifiers
[INFO_|11/19 13:43:18|BasicPrivateLabelLoader.printInfo:372] Not a 'Track/Service' servlet
[INFO_|11/19 13:43:18|DCServerFactory._startupInit:1329] Loading only DCServer name: w-gc101
[WARN_|11/19 13:43:18|DCServerFactory._loadDCServerXML:636] DCServerConfig XML file not found: dcserver_w-gc101.xml
[INFO_|11/19 13:43:18|DCServerFactory._loadDCServerXML:643] DCServerConfig XML file not loaded: C:\Users\NBNguyen\Projects\apache-tomcat-8.0.47\webapps\gc101\WEB-INF\dcservers.xml
[INFO_|11/19 13:43:18|RTConfigContextListener.contextInitialized:211] java.awt.headless=false
[INFO_|11/19 13:49:18|RTConfigContextListener.contextDestroyed:233] ... Servlet Context destroyed: dcs:w-gc101
[INFO_|11/19 13:49:18|RTConfigContextListener.contextDestroyed:234] -----------------------------------------------
[INFO_|11/19 13:50:25|OSTools.printMemoryUsage:444] Memory-K: max=3712000, total=663040, free=341016, used=322024
[ERROR|11/19 13:50:25|EventSelector.<init>:198] *** Internal error: EX2959-1 (contact service provider)
[INFO_|11/19 13:50:25|StartupInit.addTableFactories:152] Loaded customed Rule functions/identifiers
[INFO_|11/19 13:50:25|BasicPrivateLabelLoader.printInfo:372] Not a 'Track/Service' servlet
[INFO_|11/19 13:50:25|DCServerFactory._startupInit:1329] Loading only DCServer name: w-gc101
[WARN_|11/19 13:50:25|DCServerFactory._loadDCServerXML:636] DCServerConfig XML file not found: dcserver_w-gc101.xml
[INFO_|11/19 13:50:25|DCServerFactory._loadDCServerXML:643] DCServerConfig XML file not loaded: C:\Users\NBNguyen\Projects\apache-tomcat-8.0.47\webapps\gc101\WEB-INF\dcservers.xml
[INFO_|11/19 13:50:25|RTConfigContextListener.contextInitialized:211] java.awt.headless=false
[INFO_|11/19 13:52:24|RTConfigContextListener.contextDestroyed:233] ... Servlet Context destroyed: dcs:w-gc101
[INFO_|11/19 13:52:24|RTConfigContextListener.contextDestroyed:234] -----------------------------------------------
[INFO_|11/19 13:52:36|OSTools.printMemoryUsage:444] Memory-K: max=3712000, total=865280, free=666461, used=198819
[ERROR|11/19 13:52:36|EventSelector.<init>:198] *** Internal error: EX2959-1 (contact service provider)
[INFO_|11/19 13:52:36|StartupInit.addTableFactories:152] Loaded customed Rule functions/identifiers
[INFO_|11/19 13:52:36|BasicPrivateLabelLoader.printInfo:372] Not a 'Track/Service' servlet
[INFO_|11/19 13:52:36|DCServerFactory._startupInit:1329] Loading only DCServer name: w-gc101
[WARN_|11/19 13:52:36|DCServerFactory._loadDCServerXML:636] DCServerConfig XML file not found: dcserver_w-gc101.xml
[INFO_|11/19 13:52:36|DCServerFactory._loadDCServerXML:643] DCServerConfig XML file not loaded: C:\Users\NBNguyen\Projects\apache-tomcat-8.0.47\webapps\gc101\WEB-INF\dcservers.xml
[INFO_|11/19 13:52:36|RTConfigContextListener.contextInitialized:211] java.awt.headless=false
[INFO_|11/19 13:54:20|RTConfigContextListener.contextDestroyed:233] ... Servlet Context destroyed: dcs:w-gc101
[INFO_|11/19 13:54:20|RTConfigContextListener.contextDestroyed:234] -----------------------------------------------
[INFO_|11/19 13:55:06|OSTools.printMemoryUsage:444] Memory-K: max=3712000, total=908288, free=557072, used=351216
[ERROR|11/19 13:55:06|EventSelector.<init>:198] *** Internal error: EX2959-1 (contact service provider)
[INFO_|11/19 13:55:06|StartupInit.addTableFactories:152] Loaded customed Rule functions/identifiers
[INFO_|11/19 13:55:06|BasicPrivateLabelLoader.printInfo:372] Not a 'Track/Service' servlet
[INFO_|11/19 13:55:06|DCServerFactory._startupInit:1329] Loading only DCServer name: w-gc101
[WARN_|11/19 13:55:06|DCServerFactory._loadDCServerXML:636] DCServerConfig XML file not found: dcserver_w-gc101.xml
[INFO_|11/19 13:55:06|DCServerFactory._loadDCServerXML:643] DCServerConfig XML file not loaded: C:\Users\NBNguyen\Projects\apache-tomcat-8.0.47\webapps\gc101\WEB-INF\dcservers.xml
[INFO_|11/19 13:55:06|RTConfigContextListener.contextInitialized:211] java.awt.headless=false
[INFO_|11/19 14:54:03|RTConfigContextListener.contextDestroyed:233] ... Servlet Context destroyed: dcs:w-gc101
[INFO_|11/19 14:54:03|RTConfigContextListener.contextDestroyed:234] -----------------------------------------------
[INFO_|11/26 16:11:47|OSTools.printMemoryUsage:444] Memory-K: max=3712000, total=204800, free=127310, used=77490
[ERROR|11/26 16:11:47|EventSelector.<init>:198] *** Internal error: EX2959-1 (contact service provider)
[INFO_|11/26 16:11:47|StartupInit.addTableFactories:152] Loaded customed Rule functions/identifiers
[INFO_|11/26 16:11:47|BasicPrivateLabelLoader.printInfo:372] Not a 'Track/Service' servlet
[INFO_|11/26 16:11:47|DCServerFactory._startupInit:1329] Loading only DCServer name: w-gc101
[WARN_|11/26 16:11:47|DCServerFactory._loadDCServerXML:636] DCServerConfig XML file not found: dcserver_w-gc101.xml
[INFO_|11/26 16:11:47|DCServerFactory._loadDCServerXML:643] DCServerConfig XML file not loaded: C:\Users\NBNguyen\Projects\apache-tomcat-8.0.47\webapps\gc101\WEB-INF\dcservers.xml
[INFO_|11/26 16:11:47|RTConfigContextListener.contextInitialized:211] java.awt.headless=false
[INFO_|11/26 16:31:55|OSTools.printMemoryUsage:444] Memory-K: max=3712000, total=276480, free=199945, used=76535
[ERROR|11/26 16:31:56|EventSelector.<init>:198] *** Internal error: EX2959-1 (contact service provider)
[INFO_|11/26 16:31:56|StartupInit.addTableFactories:152] Loaded customed Rule functions/identifiers
[INFO_|11/26 16:31:56|BasicPrivateLabelLoader.printInfo:372] Not a 'Track/Service' servlet
[INFO_|11/26 16:31:56|DCServerFactory._startupInit:1329] Loading only DCServer name: w-gc101
[WARN_|11/26 16:31:56|DCServerFactory._loadDCServerXML:636] DCServerConfig XML file not found: dcserver_w-gc101.xml
[INFO_|11/26 16:31:56|DCServerFactory._loadDCServerXML:643] DCServerConfig XML file not loaded: C:\Users\NBNguyen\Projects\apache-tomcat-8.0.47\webapps\gc101\WEB-INF\dcservers.xml
[INFO_|11/26 16:31:56|RTConfigContextListener.contextInitialized:211] java.awt.headless=false
[INFO_|11/26 16:50:48|RTConfigContextListener.contextDestroyed:233] ... Servlet Context destroyed: dcs:w-gc101
[INFO_|11/26 16:50:48|RTConfigContextListener.contextDestroyed:234] -----------------------------------------------
